<?xml version="1.0" encoding="UTF-8"?>
<!-- Generated by org.testng.reporters.JUnitReportReporter -->
<testsuite hostname="DESKTOP-V43BJR3" failures="0" tests="3" name="TestNG.TestNgSample2" time="0.004" errors="0" timestamp="2025-04-02T20:18:12 IST" skipped="1">
  <testcase classname="TestNG.TestNgSample2" name="deleteContact" time="0.002"/>
  <testcase classname="TestNG.TestNgSample2" name="createContact" time="0.002"/>
  <testcase classname="TestNG.TestNgSample2" name="modifyContact">
    <skipped/>
  </testcase> <!-- modifyContact -->
</testsuite> <!-- TestNG.TestNgSample2 -->
