<?xml version="1.0" encoding="UTF-8"?>
<!-- Generated by org.testng.reporters.JUnitReportReporter -->
<testsuite hostname="DESKTOP-V43BJR3" failures="0" tests="3" name="TestNG.TestNgSample3" time="0.011" errors="0" timestamp="2025-04-02T20:18:12 IST" skipped="0">
  <testcase classname="TestNG.TestNgSample3" name="createContact" time="0.002"/>
  <testcase classname="TestNG.TestNgSample3" name="createContact" time="0.005"/>
  <testcase classname="TestNG.TestNgSample3" name="modifyContact" time="0.004"/>
</testsuite> <!-- TestNG.TestNgSample3 -->
