<?xml version="1.0" encoding="UTF-8"?>
<!-- Generated by org.testng.reporters.JUnitReportReporter -->
<testsuite hostname="DESKTOP-V43BJR3" failures="0" tests="10" name="TestNG.TestNgSample6" time="0.068" errors="0" timestamp="2025-04-02T19:43:39 IST" skipped="0">
  <testcase classname="TestNG.TestNgSample6" name="B" time="0.006"/>
  <testcase classname="TestNG.TestNgSample6" name="D" time="0.005"/>
  <testcase classname="TestNG.TestNgSample6" name="D" time="0.006"/>
  <testcase classname="TestNG.TestNgSample6" name="C" time="0.003"/>
  <testcase classname="TestNG.TestNgSample6" name="D" time="0.003"/>
  <testcase classname="TestNG.TestNgSample6" name="A" time="0.028"/>
  <testcase classname="TestNG.TestNgSample6" name="B" time="0.006"/>
  <testcase classname="TestNG.TestNgSample6" name="C" time="0.003"/>
  <testcase classname="TestNG.TestNgSample6" name="D" time="0.004"/>
  <testcase classname="TestNG.TestNgSample6" name="C" time="0.004"/>
</testsuite> <!-- TestNG.TestNgSample6 -->
