<?xml version="1.0" encoding="UTF-8"?>
<!-- Generated by org.testng.reporters.JUnitReportReporter -->
<testsuite hostname="DESKTOP-V43BJR3" failures="0" tests="1" name="Assertion.Screenshot.ScreenshotEx2" time="8.971" errors="0" timestamp="2025-04-02T20:45:17 IST" skipped="0">
  <testcase classname="Assertion.Screenshot.ScreenshotEx2" name="ScreenshotEx" time="8.971"/>
</testsuite> <!-- Assertion.Screenshot.ScreenshotEx2 -->
