<?xml version="1.0" encoding="UTF-8"?>
<!-- Generated by org.testng.reporters.JUnitReportReporter -->
<testsuite hostname="DESKTOP-V43BJR3" failures="0" tests="4" name="TestNG.TestNgSample5" time="0.015" errors="0" timestamp="2025-04-02T20:18:12 IST" skipped="0">
  <testcase classname="TestNG.TestNgSample5" name="D" time="0.005"/>
  <testcase classname="TestNG.TestNgSample5" name="B" time="0.003"/>
  <testcase classname="TestNG.TestNgSample5" name="C" time="0.004"/>
  <testcase classname="TestNG.TestNgSample5" name="A" time="0.003"/>
</testsuite> <!-- TestNG.TestNgSample5 -->
