<?xml version="1.0" encoding="UTF-8"?>
<!-- Generated by org.testng.reporters.JUnitReportReporter -->
<testsuite hostname="DESKTOP-V43BJR3" failures="0" tests="4" name="TestNG.TestNgSample7" time="0.030" errors="0" timestamp="2025-04-02T19:45:10 IST" skipped="2">
  <testcase classname="TestNG.TestNgSample7" name="D" time="0.003"/>
  <testcase classname="TestNG.TestNgSample7" name="B" time="0.027"/>
  <testcase classname="TestNG.TestNgSample7" name="C">
    <skipped/>
  </testcase> <!-- C -->
  <testcase classname="TestNG.TestNgSample7" name="A">
    <skipped/>
  </testcase> <!-- A -->
</testsuite> <!-- TestNG.TestNgSample7 -->
